<?xml version="1.0" encoding="UTF-8"?>
<testng-results ignored="0" total="1" passed="0" failed="1" skipped="0">
  <reporter-output>
  </reporter-output>
  <suite started-at="2022-06-01T13:14:47 IST" name="Suite" finished-at="2022-06-01T13:16:42 IST" duration-ms="114916">
    <groups>
    </groups>
    <test started-at="2022-06-01T13:14:47 IST" name="Test" finished-at="2022-06-01T13:16:42 IST" duration-ms="114916">
      <class name="test.BaseClass">
        <test-method is-config="true" signature="setup()[pri:0, instance:test.BaseClass@709ba3fb]" started-at="2022-06-01T13:14:47 IST" name="setup" finished-at="2022-06-01T13:15:25 IST" duration-ms="38480" status="PASS">
          <reporter-output>
          </reporter-output>
        </test-method> <!-- setup -->
        <test-method signature="LoginTest()[pri:0, instance:test.BaseClass@709ba3fb]" started-at="2022-06-01T13:15:26 IST" name="LoginTest" finished-at="2022-06-01T13:16:41 IST" duration-ms="75648" status="FAIL">
          <exception class="org.openqa.selenium.NoSuchElementException">
            <message>
              <![CDATA[An element could not be located on the page using the given search parameters.
For documentation on this error, please visit: https://www.seleniumhq.org/exceptions/no_such_element.html
Build info: version: '3.141.59', revision: 'e82be7d358', time: '2018-11-14T08:17:03'
System info: host: 'Aparth-Pandey', ip: '2405:201:6010:108a:c9d4:b9a8:9bff:bb2e%en0', os.name: 'Mac OS X', os.arch: 'x86_64', os.version: '12.2.1', java.version: '17.0.1'
Driver info: io.testproject.sdk.drivers.ios.IOSDriver
Capabilities {appium:ScaleFactor: 0.0, appium:automationName: XCuiTest, appium:bundleId: com.sprinklr.spaceapp, appium:databaseEnabled: false, appium:deviceName: iPhone 13, appium:forceAppLaunch: true, appium:javascriptEnabled: true, appium:locationContextEnabled: false, appium:networkConnectionEnabled: false, appium:newCommandTimeout: 0.0, appium:noReset: true, appium:platformVersion: 15.2, appium:realDevice: false, appium:shouldTerminateApp: true, appium:simpleIsVisibleCheck: true, appium:skipDeviceDetect: true, appium:takesScreenshot: true, appium:udid: 2B940AF5-F9B5-4C0D-B6F3-0FE..., appium:useExternalWDA: true, appium:usePrebuiltWDA: true, appium:waitForQuiescence: false, appium:webDriverAgentUrl: http://localhost:52057, appium:webStorageEnabled: false, platformName: ios, tp:guid: c76dddc0-a4eb-4bca-8bf5-d48...}
Session ID: d02c3646-83b3-42e1-ae9d-323536d6cbd9
*** Element info: {Using=xpath, value=//XCUIElementTypeOther/XCUIElementTypeOther[1]/XCUIElementTypeOther[4]/XCUIElementTypeOther}]]>
            </message>
            <full-stacktrace>
              <![CDATA[org.openqa.selenium.NoSuchElementException: An element could not be located on the page using the given search parameters.
For documentation on this error, please visit: https://www.seleniumhq.org/exceptions/no_such_element.html
Build info: version: '3.141.59', revision: 'e82be7d358', time: '2018-11-14T08:17:03'
System info: host: 'Aparth-Pandey', ip: '2405:201:6010:108a:c9d4:b9a8:9bff:bb2e%en0', os.name: 'Mac OS X', os.arch: 'x86_64', os.version: '12.2.1', java.version: '17.0.1'
Driver info: io.testproject.sdk.drivers.ios.IOSDriver
Capabilities {appium:ScaleFactor: 0.0, appium:automationName: XCuiTest, appium:bundleId: com.sprinklr.spaceapp, appium:databaseEnabled: false, appium:deviceName: iPhone 13, appium:forceAppLaunch: true, appium:javascriptEnabled: true, appium:locationContextEnabled: false, appium:networkConnectionEnabled: false, appium:newCommandTimeout: 0.0, appium:noReset: true, appium:platformVersion: 15.2, appium:realDevice: false, appium:shouldTerminateApp: true, appium:simpleIsVisibleCheck: true, appium:skipDeviceDetect: true, appium:takesScreenshot: true, appium:udid: 2B940AF5-F9B5-4C0D-B6F3-0FE..., appium:useExternalWDA: true, appium:usePrebuiltWDA: true, appium:waitForQuiescence: false, appium:webDriverAgentUrl: http://localhost:52057, appium:webStorageEnabled: false, platformName: ios, tp:guid: c76dddc0-a4eb-4bca-8bf5-d48...}
Session ID: d02c3646-83b3-42e1-ae9d-323536d6cbd9
*** Element info: {Using=xpath, value=//XCUIElementTypeOther/XCUIElementTypeOther[1]/XCUIElementTypeOther[4]/XCUIElementTypeOther}
at java.base/jdk.internal.reflect.NativeConstructorAccessorImpl.newInstance0(Native Method)
at java.base/jdk.internal.reflect.NativeConstructorAccessorImpl.newInstance(NativeConstructorAccessorImpl.java:77)
at java.base/jdk.internal.reflect.DelegatingConstructorAccessorImpl.newInstance(DelegatingConstructorAccessorImpl.java:45)
at java.base/java.lang.reflect.Constructor.newInstanceWithCaller(Constructor.java:499)
at java.base/java.lang.reflect.Constructor.newInstance(Constructor.java:480)
at org.openqa.selenium.remote.http.W3CHttpResponseCodec.createException(W3CHttpResponseCodec.java:187)
at org.openqa.selenium.remote.http.W3CHttpResponseCodec.decode(W3CHttpResponseCodec.java:122)
at org.openqa.selenium.remote.http.W3CHttpResponseCodec.decode(W3CHttpResponseCodec.java:49)
at org.openqa.selenium.remote.HttpCommandExecutor.execute(HttpCommandExecutor.java:158)
at io.appium.java_client.remote.AppiumCommandExecutor.execute(AppiumCommandExecutor.java:239)
at io.testproject.sdk.internal.helpers.CustomAppiumCommandExecutor.execute(CustomAppiumCommandExecutor.java:124)
at io.testproject.sdk.internal.helpers.CustomAppiumCommandExecutor.execute(CustomAppiumCommandExecutor.java:106)
at org.openqa.selenium.remote.RemoteWebDriver.execute(RemoteWebDriver.java:552)
at io.appium.java_client.DefaultGenericMobileDriver.execute(DefaultGenericMobileDriver.java:41)
at io.appium.java_client.AppiumDriver.execute(AppiumDriver.java:1)
at io.appium.java_client.ios.IOSDriver.execute(IOSDriver.java:1)
at org.openqa.selenium.remote.RemoteWebDriver.findElement(RemoteWebDriver.java:323)
at io.appium.java_client.DefaultGenericMobileDriver.findElement(DefaultGenericMobileDriver.java:61)
at io.appium.java_client.AppiumDriver.findElement(AppiumDriver.java:1)
at io.appium.java_client.ios.IOSDriver.findElement(IOSDriver.java:1)
at org.openqa.selenium.remote.RemoteWebDriver.findElementByXPath(RemoteWebDriver.java:428)
at io.appium.java_client.DefaultGenericMobileDriver.findElementByXPath(DefaultGenericMobileDriver.java:151)
at io.appium.java_client.AppiumDriver.findElementByXPath(AppiumDriver.java:1)
at io.appium.java_client.ios.IOSDriver.findElementByXPath(IOSDriver.java:1)
at org.openqa.selenium.By$ByXPath.findElement(By.java:353)
at org.openqa.selenium.remote.RemoteWebDriver.findElement(RemoteWebDriver.java:315)
at io.appium.java_client.DefaultGenericMobileDriver.findElement(DefaultGenericMobileDriver.java:57)
at io.appium.java_client.AppiumDriver.findElement(AppiumDriver.java:1)
at io.appium.java_client.ios.IOSDriver.findElement(IOSDriver.java:1)
at test.BaseClass.LoginTest(BaseClass.java:155)
at java.base/jdk.internal.reflect.NativeMethodAccessorImpl.invoke0(Native Method)
at java.base/jdk.internal.reflect.NativeMethodAccessorImpl.invoke(NativeMethodAccessorImpl.java:77)
at java.base/jdk.internal.reflect.DelegatingMethodAccessorImpl.invoke(DelegatingMethodAccessorImpl.java:43)
at java.base/java.lang.reflect.Method.invoke(Method.java:568)
at org.testng.internal.invokers.MethodInvocationHelper.invokeMethod(MethodInvocationHelper.java:139)
at org.testng.internal.invokers.TestInvoker.invokeMethod(TestInvoker.java:677)
at org.testng.internal.invokers.TestInvoker.invokeTestMethod(TestInvoker.java:221)
at org.testng.internal.invokers.MethodRunner.runInSequence(MethodRunner.java:50)
at org.testng.internal.invokers.TestInvoker$MethodInvocationAgent.invoke(TestInvoker.java:962)
at org.testng.internal.invokers.TestInvoker.invokeTestMethods(TestInvoker.java:194)
at org.testng.internal.invokers.TestMethodWorker.invokeTestMethods(TestMethodWorker.java:148)
at org.testng.internal.invokers.TestMethodWorker.run(TestMethodWorker.java:128)
at java.base/java.util.ArrayList.forEach(ArrayList.java:1511)
at org.testng.TestRunner.privateRun(TestRunner.java:806)
at org.testng.TestRunner.run(TestRunner.java:601)
at org.testng.SuiteRunner.runTest(SuiteRunner.java:433)
at org.testng.SuiteRunner.runSequentially(SuiteRunner.java:427)
at org.testng.SuiteRunner.privateRun(SuiteRunner.java:387)
at org.testng.SuiteRunner.run(SuiteRunner.java:330)
at org.testng.SuiteRunnerWorker.runSuite(SuiteRunnerWorker.java:52)
at org.testng.SuiteRunnerWorker.run(SuiteRunnerWorker.java:95)
at org.testng.TestNG.runSuitesSequentially(TestNG.java:1256)
at org.testng.TestNG.runSuitesLocally(TestNG.java:1176)
at org.testng.TestNG.runSuites(TestNG.java:1099)
at org.testng.TestNG.run(TestNG.java:1067)
at org.apache.maven.surefire.testng.TestNGExecutor.run(TestNGExecutor.java:295)
at org.apache.maven.surefire.testng.TestNGXmlTestSuite.execute(TestNGXmlTestSuite.java:84)
at org.apache.maven.surefire.testng.TestNGProvider.invoke(TestNGProvider.java:90)
at org.apache.maven.surefire.booter.ForkedBooter.invokeProviderInSameClassLoader(ForkedBooter.java:203)
at org.apache.maven.surefire.booter.ForkedBooter.runSuitesInProcess(ForkedBooter.java:155)
at org.apache.maven.surefire.booter.ForkedBooter.main(ForkedBooter.java:103)
]]>
            </full-stacktrace>
          </exception> <!-- org.openqa.selenium.NoSuchElementException -->
          <reporter-output>
          </reporter-output>
        </test-method> <!-- LoginTest -->
        <test-method is-config="true" signature="done()[pri:0, instance:test.BaseClass@709ba3fb]" started-at="2022-06-01T13:16:42 IST" name="done" finished-at="2022-06-01T13:16:42 IST" duration-ms="12" status="PASS">
          <reporter-output>
          </reporter-output>
        </test-method> <!-- done -->
      </class> <!-- test.BaseClass -->
    </test> <!-- Test -->
  </suite> <!-- Suite -->
</testng-results>
